<?xml version="1.0" encoding="UTF-8"?>
<!-- Generated by org.testng.reporters.JUnitReportReporter -->
<testsuite skipped="0" hostname="ojt11-PC" name="driverFactory.AppTest" tests="1" failures="0" timestamp="1 Oct 2019 03:33:13 GMT" time="26.485" errors="0">
  <testcase name="kickStart" time="26.485" classname="driverFactory.AppTest"/>
</testsuite> <!-- driverFactory.AppTest -->
